2025-05-03T10:11:44.958+03:00  INFO 17160 --- [demo1] [main] c.e.demo.newsmap.NewsmapApplication      : Starting NewsmapApplication using Java 21.0.6 with PID 17160 (C:\Users\Den\IdeaProjects\demo1\target\classes started by Den in C:\Users\Den\IdeaProjects\demo1)
2025-05-03T10:11:44.962+03:00  INFO 17160 --- [demo1] [main] c.e.demo.newsmap.NewsmapApplication      : No active profile set, falling back to 1 default profile: "default"
2025-05-03T10:11:46.131+03:00  INFO 17160 --- [demo1] [main] .s.d.r.c.RepositoryConfigurationDelegate : Multiple Spring Data modules found, entering strict repository configuration mode
2025-05-03T10:11:46.131+03:00  INFO 17160 --- [demo1] [main] .s.d.r.c.RepositoryConfigurationDelegate : Bootstrapping Spring Data JPA repositories in DEFAULT mode.
2025-05-03T10:11:46.413+03:00  INFO 17160 --- [demo1] [main] .s.d.r.c.RepositoryConfigurationDelegate : Finished Spring Data repository scanning in 66 ms. Found 2 JPA repository interfaces.
2025-05-03T10:11:46.511+03:00  INFO 17160 --- [demo1] [main] .s.d.r.c.RepositoryConfigurationDelegate : Multiple Spring Data modules found, entering strict repository configuration mode
2025-05-03T10:11:46.512+03:00  INFO 17160 --- [demo1] [main] .s.d.r.c.RepositoryConfigurationDelegate : Bootstrapping Spring Data Redis repositories in DEFAULT mode.
2025-05-03T10:11:46.521+03:00  INFO 17160 --- [demo1] [main] .s.d.r.c.RepositoryConfigurationDelegate : Finished Spring Data repository scanning in 4 ms. Found 0 Redis repository interfaces.
2025-05-03T10:11:46.972+03:00  INFO 17160 --- [demo1] [main] o.s.b.w.embedded.tomcat.TomcatWebServer  : Tomcat initialized with port 8080 (http)
2025-05-03T10:11:46.982+03:00  INFO 17160 --- [demo1] [main] o.apache.catalina.core.StandardService   : Starting service [Tomcat]
2025-05-03T10:11:46.983+03:00  INFO 17160 --- [demo1] [main] o.apache.catalina.core.StandardEngine    : Starting Servlet engine: [Apache Tomcat/10.1.36]
2025-05-03T10:11:47.023+03:00  INFO 17160 --- [demo1] [main] o.a.c.c.C.[Tomcat].[localhost].[/]       : Initializing Spring embedded WebApplicationContext
2025-05-03T10:11:47.023+03:00  INFO 17160 --- [demo1] [main] w.s.c.ServletWebServerApplicationContext : Root WebApplicationContext: initialization completed in 1116 ms
2025-05-03T10:11:47.158+03:00  INFO 17160 --- [demo1] [main] o.hibernate.jpa.internal.util.LogHelper  : HHH000204: Processing PersistenceUnitInfo [name: default]
2025-05-03T10:11:47.191+03:00  INFO 17160 --- [demo1] [main] org.hibernate.Version                    : HHH000412: Hibernate ORM core version 6.6.8.Final
2025-05-03T10:11:47.410+03:00  INFO 17160 --- [demo1] [main] o.h.c.internal.RegionFactoryInitiator    : HHH000026: Second-level cache disabled
2025-05-03T10:11:47.556+03:00  INFO 17160 --- [demo1] [main] o.s.o.j.p.SpringPersistenceUnitInfo      : No LoadTimeWeaver setup: ignoring JPA class transformer
2025-05-03T10:11:47.576+03:00  INFO 17160 --- [demo1] [main] com.zaxxer.hikari.HikariDataSource       : HikariPool-1 - Starting...
2025-05-03T10:11:47.917+03:00  INFO 17160 --- [demo1] [main] com.zaxxer.hikari.pool.HikariPool        : HikariPool-1 - Added connection ConnectionID:1 ClientConnectionId: 9a2732a3-4d87-4637-9bc3-a58200d41b42
2025-05-03T10:11:47.918+03:00  INFO 17160 --- [demo1] [main] com.zaxxer.hikari.HikariDataSource       : HikariPool-1 - Start completed.
2025-05-03T10:11:50.655+03:00  INFO 17160 --- [demo1] [main] org.hibernate.orm.connections.pooling    : HHH10001005: Database info:
	Database JDBC URL [Connecting through datasource 'HikariDataSource (HikariPool-1)']
	Database driver: undefined/unknown
	Database version: 16.0
	Autocommit mode: undefined/unknown
	Isolation level: undefined/unknown
	Minimum pool size: undefined/unknown
	Maximum pool size: undefined/unknown
2025-05-03T10:11:51.535+03:00  INFO 17160 --- [demo1] [main] o.h.e.t.j.p.i.JtaPlatformInitiator       : HHH000489: No JTA platform available (set 'hibernate.transaction.jta.platform' to enable JTA platform integration)
2025-05-03T10:11:56.600+03:00  INFO 17160 --- [demo1] [main] j.LocalContainerEntityManagerFactoryBean : Initialized JPA EntityManagerFactory for persistence unit 'default'
2025-05-03T10:11:59.151+03:00  INFO 17160 --- [demo1] [main] com.example.demo.mod.GeminiGeoLocator    : Модель для розпізнавання географічних назв успішно завантажена.
2025-05-03T10:11:59.277+03:00  INFO 17160 --- [demo1] [main] com.example.demo.mod.GeminiGeoLocator    : Завантажено 27487 відомих міст.
2025-05-03T10:11:59.344+03:00  INFO 17160 --- [demo1] [main] com.example.demo.mod.GeminiGeoLocator    : Проаналізовано 40221 рядків у файлі training_data.txt.
2025-05-03T10:11:59.344+03:00  INFO 17160 --- [demo1] [main] com.example.demo.mod.GeminiGeoLocator    : Знайдено 27487 унікальних назв локацій.
2025-05-03T10:12:01.578+03:00  WARN 17160 --- [demo1] [main] JpaBaseConfiguration$JpaWebConfiguration : spring.jpa.open-in-view is enabled by default. Therefore, database queries may be performed during view rendering. Explicitly configure spring.jpa.open-in-view to disable this warning
2025-05-03T10:12:02.508+03:00  INFO 17160 --- [demo1] [main] r$InitializeUserDetailsManagerConfigurer : Global AuthenticationManager configured with UserDetailsService bean with name customUserDetailsService
2025-05-03T10:12:09.548+03:00  INFO 17160 --- [demo1] [main] o.s.b.a.w.s.WelcomePageHandlerMapping    : Adding welcome page template: index
2025-05-03T10:12:21.844+03:00  INFO 17160 --- [demo1] [main] o.s.b.w.embedded.tomcat.TomcatWebServer  : Tomcat started on port 8080 (http) with context path '/'
2025-05-03T10:12:22.189+03:00  INFO 17160 --- [demo1] [main] c.e.demo.newsmap.NewsmapApplication      : Started NewsmapApplication in 37.733 seconds (process running for 38.033)
2025-05-03T10:12:22.260+03:00  INFO 17160 --- [demo1] [scheduling-1] com.example.demo.mod.NewsParser          : Завантаження оброблених посилань з: processed_links.txt
2025-05-03T10:12:22.670+03:00  INFO 17160 --- [demo1] [scheduling-1] com.example.demo.mod.NewsParser          : Завантажено 295 оброблених посилань.
2025-05-03T10:12:22.671+03:00  INFO 17160 --- [demo1] [scheduling-1] com.example.demo.mod.NewsParser          : З'єднання з: https://www.ukr.net/news/russianaggression.html
2025-05-03T10:12:31.384+03:00  INFO 17160 --- [demo1] [scheduling-1] com.example.demo.mod.NewsParser          : З'єднання успішне
2025-05-03T10:12:31.537+03:00  INFO 17160 --- [demo1] [scheduling-1] com.example.demo.mod.NewsParser          : Знайдено елемент section.im
2025-05-03T10:12:31.538+03:00  INFO 17160 --- [demo1] [scheduling-1] com.example.demo.mod.NewsParser          : Заголовок: Російський опозиційний журналіст мільйонник підтримав полонених журналістів команди РІА Мелітополь – історії полонених (фото, відео)
2025-05-03T10:12:31.538+03:00  INFO 17160 --- [demo1] [scheduling-1] com.example.demo.mod.NewsParser          : Посилання: https://ria-m.tv/ua/news/377864/rosiyskiy-opozitsiyniy-jurnalist-milyonnik-pidtrimav-polonenih-jurnalistiv-komandi-ria-melitopol-istorii-polonenih-(foto-video).html
2025-05-03T10:12:31.538+03:00  INFO 17160 --- [demo1] [scheduling-1] com.example.demo.mod.NewsParser          : Посилання збережено у файл: https://ria-m.tv/ua/news/377864/rosiyskiy-opozitsiyniy-jurnalist-milyonnik-pidtrimav-polonenih-jurnalistiv-komandi-ria-melitopol-istorii-polonenih-(foto-video).html
2025-05-03T10:12:32.165+03:00  INFO 17160 --- [demo1] [scheduling-1] com.example.demo.mod.GeminiGeoLocator    : Знайдено відоме місто (за лемами): мелітополь
2025-05-03T10:12:35.106+03:00  INFO 17160 --- [demo1] [scheduling-1] com.example.demo.mod.GeoCoder            :  Виконуємо запит: https://nominatim.openstreetmap.org/search?q=?q=%D0%BC%D0%B5%D0%BB%D1%96%D1%82%D0%BE%D0%BF%D0%BE%D0%BB%D1%8C&format=json&limit=5
2025-05-03T10:12:40.394+03:00  INFO 17160 --- [demo1] [scheduling-1] com.example.demo.mod.GeoCoder            : ✅ Отримано координати для мелітополь: 46.75930335897955, 35.45352139314422
2025-05-03T10:12:40.395+03:00  INFO 17160 --- [demo1] [scheduling-1] com.example.demo.mod.NewsParser          : Оновлення файлу GeoJSON: C:\Users\Den\IdeaProjects\demo1\src\main\resources\static\news.json
2025-05-03T10:12:40.919+03:00  INFO 17160 --- [demo1] [scheduling-1] com.example.demo.mod.GeoCoder            : Отримано локацію для координат 46.75930335897955,35.45352139314422: Костянтинівська сільська громада, Мелітопольський район, Запорізька область, Україна
2025-05-03T10:12:41.019+03:00  INFO 17160 --- [demo1] [scheduling-1] com.example.demo.mod.NewsParser          : GeoJSON оновлено.
2025-05-03T10:13:04.644+03:00  INFO 17160 --- [demo1] [http-nio-8080-exec-1] o.a.c.c.C.[Tomcat].[localhost].[/]       : Initializing Spring DispatcherServlet 'dispatcherServlet'
2025-05-03T10:13:04.644+03:00  INFO 17160 --- [demo1] [http-nio-8080-exec-1] o.s.web.servlet.DispatcherServlet        : Initializing Servlet 'dispatcherServlet'
2025-05-03T10:13:04.645+03:00  INFO 17160 --- [demo1] [http-nio-8080-exec-1] o.s.web.servlet.DispatcherServlet        : Completed initialization in 1 ms
2025-05-03T10:14:51.718+03:00  INFO 17160 --- [demo1] [SpringApplicationShutdownHook] o.s.b.w.e.tomcat.GracefulShutdown        : Commencing graceful shutdown. Waiting for active requests to complete
2025-05-03T10:14:51.721+03:00  INFO 17160 --- [demo1] [tomcat-shutdown] o.s.b.w.e.tomcat.GracefulShutdown        : Graceful shutdown complete
2025-05-03T10:14:51.849+03:00  INFO 17160 --- [demo1] [SpringApplicationShutdownHook] j.LocalContainerEntityManagerFactoryBean : Closing JPA EntityManagerFactory for persistence unit 'default'
2025-05-03T10:14:51.850+03:00  INFO 17160 --- [demo1] [SpringApplicationShutdownHook] com.zaxxer.hikari.HikariDataSource       : HikariPool-1 - Shutdown initiated...
2025-05-03T10:14:51.851+03:00  INFO 17160 --- [demo1] [SpringApplicationShutdownHook] com.zaxxer.hikari.HikariDataSource       : HikariPool-1 - Shutdown completed.
2025-05-03T10:37:25.358+03:00  INFO 27600 --- [demo1] [main] c.e.demo.newsmap.NewsmapApplication      : Starting NewsmapApplication using Java 21.0.6 with PID 27600 (C:\Users\Den\IdeaProjects\demo1\target\classes started by Den in C:\Users\Den\IdeaProjects\demo1)
2025-05-03T10:37:25.359+03:00  INFO 27600 --- [demo1] [main] c.e.demo.newsmap.NewsmapApplication      : No active profile set, falling back to 1 default profile: "default"
2025-05-03T10:37:25.661+03:00  INFO 27600 --- [demo1] [main] .s.d.r.c.RepositoryConfigurationDelegate : Multiple Spring Data modules found, entering strict repository configuration mode
2025-05-03T10:37:25.662+03:00  INFO 27600 --- [demo1] [main] .s.d.r.c.RepositoryConfigurationDelegate : Bootstrapping Spring Data JPA repositories in DEFAULT mode.
2025-05-03T10:37:25.738+03:00  INFO 27600 --- [demo1] [main] .s.d.r.c.RepositoryConfigurationDelegate : Finished Spring Data repository scanning in 71 ms. Found 2 JPA repository interfaces.
2025-05-03T10:37:25.856+03:00  INFO 27600 --- [demo1] [main] .s.d.r.c.RepositoryConfigurationDelegate : Multiple Spring Data modules found, entering strict repository configuration mode
2025-05-03T10:37:25.857+03:00  INFO 27600 --- [demo1] [main] .s.d.r.c.RepositoryConfigurationDelegate : Bootstrapping Spring Data Redis repositories in DEFAULT mode.
2025-05-03T10:37:25.869+03:00  INFO 27600 --- [demo1] [main] .s.d.r.c.RepositoryConfigurationDelegate : Finished Spring Data repository scanning in 5 ms. Found 0 Redis repository interfaces.
2025-05-03T10:37:26.148+03:00  INFO 27600 --- [demo1] [main] o.s.b.w.embedded.tomcat.TomcatWebServer  : Tomcat initialized with port 8080 (http)
2025-05-03T10:37:26.156+03:00  INFO 27600 --- [demo1] [main] o.apache.catalina.core.StandardService   : Starting service [Tomcat]
2025-05-03T10:37:26.156+03:00  INFO 27600 --- [demo1] [main] o.apache.catalina.core.StandardEngine    : Starting Servlet engine: [Apache Tomcat/10.1.36]
2025-05-03T10:37:26.192+03:00  INFO 27600 --- [demo1] [main] o.a.c.c.C.[Tomcat].[localhost].[/]       : Initializing Spring embedded WebApplicationContext
2025-05-03T10:37:26.192+03:00  INFO 27600 --- [demo1] [main] w.s.c.ServletWebServerApplicationContext : Root WebApplicationContext: initialization completed in 806 ms
2025-05-03T10:37:26.300+03:00  INFO 27600 --- [demo1] [main] o.hibernate.jpa.internal.util.LogHelper  : HHH000204: Processing PersistenceUnitInfo [name: default]
2025-05-03T10:37:26.332+03:00  INFO 27600 --- [demo1] [main] org.hibernate.Version                    : HHH000412: Hibernate ORM core version 6.6.8.Final
2025-05-03T10:37:26.355+03:00  INFO 27600 --- [demo1] [main] o.h.c.internal.RegionFactoryInitiator    : HHH000026: Second-level cache disabled
2025-05-03T10:37:26.510+03:00  INFO 27600 --- [demo1] [main] o.s.o.j.p.SpringPersistenceUnitInfo      : No LoadTimeWeaver setup: ignoring JPA class transformer
2025-05-03T10:37:26.526+03:00  INFO 27600 --- [demo1] [main] com.zaxxer.hikari.HikariDataSource       : HikariPool-1 - Starting...
2025-05-03T10:37:26.765+03:00  INFO 27600 --- [demo1] [main] com.zaxxer.hikari.pool.HikariPool        : HikariPool-1 - Added connection ConnectionID:1 ClientConnectionId: 2ea40b20-f2c5-4591-93d8-4c0400a417b2
2025-05-03T10:37:26.766+03:00  INFO 27600 --- [demo1] [main] com.zaxxer.hikari.HikariDataSource       : HikariPool-1 - Start completed.
2025-05-03T10:37:27.495+03:00  INFO 27600 --- [demo1] [main] org.hibernate.orm.connections.pooling    : HHH10001005: Database info:
	Database JDBC URL [Connecting through datasource 'HikariDataSource (HikariPool-1)']
	Database driver: undefined/unknown
	Database version: 16.0
	Autocommit mode: undefined/unknown
	Isolation level: undefined/unknown
	Minimum pool size: undefined/unknown
	Maximum pool size: undefined/unknown
2025-05-03T10:37:27.899+03:00  INFO 27600 --- [demo1] [main] o.h.e.t.j.p.i.JtaPlatformInitiator       : HHH000489: No JTA platform available (set 'hibernate.transaction.jta.platform' to enable JTA platform integration)
2025-05-03T10:37:28.949+03:00  INFO 27600 --- [demo1] [main] j.LocalContainerEntityManagerFactoryBean : Initialized JPA EntityManagerFactory for persistence unit 'default'
2025-05-03T10:37:29.283+03:00  INFO 27600 --- [demo1] [main] com.example.demo.mod.GeminiGeoLocator    : Модель для розпізнавання географічних назв успішно завантажена.
2025-05-03T10:37:29.401+03:00  INFO 27600 --- [demo1] [main] com.example.demo.mod.GeminiGeoLocator    : Завантажено 27487 відомих міст.
2025-05-03T10:37:29.463+03:00  INFO 27600 --- [demo1] [main] com.example.demo.mod.GeminiGeoLocator    : Проаналізовано 40221 рядків у файлі training_data.txt.
2025-05-03T10:37:29.463+03:00  INFO 27600 --- [demo1] [main] com.example.demo.mod.GeminiGeoLocator    : Знайдено 27487 унікальних назв локацій.
2025-05-03T10:37:29.501+03:00  WARN 27600 --- [demo1] [main] JpaBaseConfiguration$JpaWebConfiguration : spring.jpa.open-in-view is enabled by default. Therefore, database queries may be performed during view rendering. Explicitly configure spring.jpa.open-in-view to disable this warning
2025-05-03T10:37:29.513+03:00  INFO 27600 --- [demo1] [main] r$InitializeUserDetailsManagerConfigurer : Global AuthenticationManager configured with UserDetailsService bean with name customUserDetailsService
2025-05-03T10:37:29.552+03:00  INFO 27600 --- [demo1] [main] o.s.b.a.w.s.WelcomePageHandlerMapping    : Adding welcome page template: index
2025-05-03T10:37:29.924+03:00  INFO 27600 --- [demo1] [main] o.s.b.w.embedded.tomcat.TomcatWebServer  : Tomcat started on port 8080 (http) with context path '/'
2025-05-03T10:37:29.930+03:00  INFO 27600 --- [demo1] [main] c.e.demo.newsmap.NewsmapApplication      : Started NewsmapApplication in 4.802 seconds (process running for 5.061)
2025-05-03T10:37:29.932+03:00  INFO 27600 --- [demo1] [scheduling-1] com.example.demo.mod.NewsParser          : Завантаження оброблених посилань з: processed_links.txt
2025-05-03T10:37:29.933+03:00  INFO 27600 --- [demo1] [scheduling-1] com.example.demo.mod.NewsParser          : Завантажено 296 оброблених посилань.
2025-05-03T10:37:29.933+03:00  INFO 27600 --- [demo1] [scheduling-1] com.example.demo.mod.NewsParser          : З'єднання з: https://www.ukr.net/news/russianaggression.html
2025-05-03T10:37:30.129+03:00  INFO 27600 --- [demo1] [scheduling-1] com.example.demo.mod.NewsParser          : З'єднання успішне
2025-05-03T10:37:30.134+03:00  INFO 27600 --- [demo1] [scheduling-1] com.example.demo.mod.NewsParser          : Знайдено елемент section.im
2025-05-03T10:37:30.136+03:00  INFO 27600 --- [demo1] [scheduling-1] com.example.demo.mod.NewsParser          : Заголовок: РФ застосувала смертоносну тактику в Харкові під час нічної атаки
2025-05-03T10:37:30.136+03:00  INFO 27600 --- [demo1] [scheduling-1] com.example.demo.mod.NewsParser          : Посилання: https://tsn.ua/ukrayina/rf-zastosuvala-smertonosnu-taktyku-v-kharkovi-pid-chas-nichnoyi-ataky-2821037.html
2025-05-03T10:37:30.136+03:00  INFO 27600 --- [demo1] [scheduling-1] com.example.demo.mod.NewsParser          : Посилання збережено у файл: https://tsn.ua/ukrayina/rf-zastosuvala-smertonosnu-taktyku-v-kharkovi-pid-chas-nichnoyi-ataky-2821037.html
2025-05-03T10:37:30.200+03:00  WARN 27600 --- [demo1] [scheduling-1] com.example.demo.mod.GeminiGeoLocator    : Місце не знайдено.
2025-05-03T10:37:30.200+03:00  WARN 27600 --- [demo1] [scheduling-1] com.example.demo.mod.NewsParser          : Локація не знайдена в заголовку: РФ застосувала смертоносну тактику в Харкові під час нічної атаки
2025-05-03T10:37:30.615+03:00  INFO 27600 --- [demo1] [scheduling-1] com.example.demo.mod.GeminiGeoLocator    : Знайдено відоме місто (за лемами): харків, київ, харківський, львів
2025-05-03T10:37:30.625+03:00  INFO 27600 --- [demo1] [scheduling-1] com.example.demo.mod.GeoCoder            :  Виконуємо запит: https://nominatim.openstreetmap.org/search?q=?q=%D1%85%D0%B0%D1%80%D0%BA%D1%96%D0%B2%2C+%D0%BA%D0%B8%D1%97%D0%B2%2C+%D1%85%D0%B0%D1%80%D0%BA%D1%96%D0%B2%D1%81%D1%8C%D0%BA%D0%B8%D0%B9%2C+%D0%BB%D1%8C%D0%B2%D1%96%D0%B2&format=json&limit=5
2025-05-03T10:37:30.930+03:00  WARN 27600 --- [demo1] [scheduling-1] com.example.demo.mod.GeoCoder            : ⚠️ Не вдалося отримати координати для харків, київ, харківський, львів.
2025-05-03T10:37:30.930+03:00  WARN 27600 --- [demo1] [scheduling-1] com.example.demo.mod.NewsParser          : Координати не знайдені для локації: харків, київ, харківський, львів
2025-05-03T10:37:30.930+03:00  INFO 27600 --- [demo1] [scheduling-1] com.example.demo.mod.NewsParser          : Додано унікальну новину до файлу: news_without_coordinates.txt
2025-05-03T10:37:30.944+03:00  INFO 27600 --- [demo1] [scheduling-1] com.example.demo.mod.NewsParser          : Оновлення файлу GeoJSON: C:\Users\Den\IdeaProjects\demo1\src\main\resources\static\news.json
2025-05-03T10:37:30.951+03:00  INFO 27600 --- [demo1] [scheduling-1] com.example.demo.mod.NewsParser          : GeoJSON оновлено.
2025-05-03T10:37:39.310+03:00  INFO 27600 --- [demo1] [http-nio-8080-exec-1] o.a.c.c.C.[Tomcat].[localhost].[/]       : Initializing Spring DispatcherServlet 'dispatcherServlet'
2025-05-03T10:37:39.310+03:00  INFO 27600 --- [demo1] [http-nio-8080-exec-1] o.s.web.servlet.DispatcherServlet        : Initializing Servlet 'dispatcherServlet'
2025-05-03T10:37:39.311+03:00  INFO 27600 --- [demo1] [http-nio-8080-exec-1] o.s.web.servlet.DispatcherServlet        : Completed initialization in 1 ms
2025-05-03T10:37:56.822+03:00  INFO 27600 --- [demo1] [SpringApplicationShutdownHook] o.s.b.w.e.tomcat.GracefulShutdown        : Commencing graceful shutdown. Waiting for active requests to complete
2025-05-03T10:37:56.825+03:00  INFO 27600 --- [demo1] [tomcat-shutdown] o.s.b.w.e.tomcat.GracefulShutdown        : Graceful shutdown complete
2025-05-03T10:37:56.834+03:00  INFO 27600 --- [demo1] [SpringApplicationShutdownHook] j.LocalContainerEntityManagerFactoryBean : Closing JPA EntityManagerFactory for persistence unit 'default'
2025-05-03T10:37:56.834+03:00  INFO 27600 --- [demo1] [SpringApplicationShutdownHook] com.zaxxer.hikari.HikariDataSource       : HikariPool-1 - Shutdown initiated...
2025-05-03T10:37:56.835+03:00  INFO 27600 --- [demo1] [SpringApplicationShutdownHook] com.zaxxer.hikari.HikariDataSource       : HikariPool-1 - Shutdown completed.
